{"event_id":"event1763354197805911000","type":"response.created","response_id":"resp1763354197805907000","delta":"","client_timestamp":1763354197805}
{"event_id":"event1763354197806395000","type":"response.output_item.added","item_id":"item1763354197805910000","response_id":"resp1763354197805907000","delta":"","client_timestamp":1763354197806}
{"event_id":"event1763354202371681000","type":"response.text.delta","item_id":"item1763354197805910000","response_id":"resp1763354197805907000","delta":"\n","client_timestamp":1763354202371}
{"event_id":"event1763354202389168000","type":"response.text.delta","item_id":"item1763354197805910000","response_id":"resp1763354197805907000","delta":"这个","client_timestamp":1763354202389}
{"event_id":"event1763354202418572000","type":"response.text.delta","item_id":"item1763354197805910000","response_id":"resp1763354197805907000","delta":"视频","client_timestamp":1763354202418}
{"event_id":"event1763354202419828000","type":"response.text.delta","item_id":"item1763354197805910000","response_id":"resp1763354197805907000","delta":"片段","client_timestamp":1763354202419}
{"event_id":"event1763354202442335000","type":"response.text.delta","item_id":"item1763354197805910000","response_id":"resp1763354197805907000","delta":"展示了","client_timestamp":1763354202442}
{"event_id":"event1763354202455997000","type":"response.text.delta","item_id":"item1763354197805910000","response_id":"resp1763354197805907000","delta":"**","client_timestamp":1763354202456}
{"event_id":"event1763354202470221000","type":"response.text.delta","item_id":"item1763354197805910000","response_id":"resp1763354197805907000","delta":"蔡","client_timestamp":1763354202470}
{"event_id":"event1763354202488333000","type":"response.text.delta","item_id":"item1763354197805910000","response_id":"resp1763354197805907000","delta":"徐","client_timestamp":1763354202488}
{"event_id":"event1763354202502902000","type":"response.text.delta","item_id":"item1763354197805910000","response_id":"resp1763354197805907000","delta":"坤","client_timestamp":1763354202502}
{"event_id":"event1763354202518183000","type":"response.text.delta","item_id":"item1763354197805910000","response_id":"resp1763354197805907000","delta":"**","client_timestamp":1763354202518}
{"event_id":"event1763354202535578000","type":"response.text.delta","item_id":"item1763354197805910000","response_id":"resp1763354197805907000","delta":"以","client_timestamp":1763354202535}
{"event_id":"event1763354202551273000","type":"response.text.delta","item_id":"item1763354197805910000","response_id":"resp1763354197805907000","delta":"“","client_timestamp":1763354202551}
{"event_id":"event1763354202566838000","type":"response.text.delta","item_id":"item1763354197805910000","response_id":"resp1763354197805907000","delta":"个人","client_timestamp":1763354202566}
{"event_id":"event1763354202585713000","type":"response.text.delta","item_id":"item1763354197805910000","response_id":"resp1763354197805907000","delta":"练习","client_timestamp":1763354202585}
{"event_id":"event1763354202605615000","type":"response.text.delta","item_id":"item1763354197805910000","response_id":"resp1763354197805907000","delta":"生","client_timestamp":1763354202605}
{"event_id":"event1763354202628311000","type":"response.text.delta","item_id":"item1763354197805910000","response_id":"resp1763354197805907000","delta":"”","client_timestamp":1763354202628}
{"event_id":"event1763354202637467000","type":"response.text.delta","item_id":"item1763354197805910000","response_id":"resp1763354197805907000","delta":"身份","client_timestamp":1763354202637}
{"event_id":"event1763354202651511000","type":"response.text.delta","item_id":"item1763354197805910000","response_id":"resp1763354197805907000","delta":"出","client_timestamp":1763354202651}
{"event_id":"event1763354202669509000","type":"response.text.delta","item_id":"item1763354197805910000","response_id":"resp1763354197805907000","delta":"镜","client_timestamp":1763354202669}
{"event_id":"event1763354202685796000","type":"response.text.delta","item_id":"item1763354197805910000","response_id":"resp1763354197805907000","delta":"的画面","client_timestamp":1763354202685}
{"event_id":"event1763354202703294000","type":"response.text.delta","item_id":"item1763354197805910000","response_id":"resp1763354197805907000","delta":"。","client_timestamp":1763354202703}
{"event_id":"event1763354202717156000","type":"response.text.delta","item_id":"item1763354197805910000","response_id":"resp1763354197805907000","delta":"他","client_timestamp":1763354202717}
{"event_id":"event1763354202762728000","type":"response.text.delta","item_id":"item1763354197805910000","response_id":"resp1763354197805907000","delta":"身穿","client_timestamp":1763354202762}
{"event_id":"event1763354202762890000","type":"response.text.delta","item_id":"item1763354197805910000","response_id":"resp1763354197805907000","delta":"浅","client_timestamp":1763354202762}
{"event_id":"event1763354202766908000","type":"response.text.delta","item_id":"item1763354197805910000","response_id":"resp1763354197805907000","delta":"灰色","client_timestamp":1763354202766}
{"event_id":"event1763354202781965000","type":"response.text.delta","item_id":"item1763354197805910000","response_id":"resp1763354197805907000","delta":"格","client_timestamp":1763354202781}
{"event_id":"event1763354202798466000","type":"response.text.delta","item_id":"item1763354197805910000","response_id":"resp1763354197805907000","delta":"纹","client_timestamp":1763354202798}
{"event_id":"event1763354202812928000","type":"response.text.delta","item_id":"item1763354197805910000","response_id":"resp1763354197805907000","delta":"宽松","client_timestamp":1763354202812}
{"event_id":"event1763354202830479000","type":"response.text.delta","item_id":"item1763354197805910000","response_id":"resp1763354197805907000","delta":"外套","client_timestamp":1763354202830}
{"event_id":"event1763354202849285000","type":"response.text.delta","item_id":"item1763354197805910000","response_id":"resp1763354197805907000","delta":"，","client_timestamp":1763354202849}
{"event_id":"event1763354202863805000","type":"response.text.delta","item_id":"item1763354197805910000","response_id":"resp1763354197805907000","delta":"内","client_timestamp":1763354202863}
{"event_id":"event1763354202875354000","type":"response.text.delta","item_id":"item1763354197805910000","response_id":"resp1763354197805907000","delta":"搭","client_timestamp":1763354202875}
{"event_id":"event1763354202899610000","type":"response.text.delta","item_id":"item1763354197805910000","response_id":"resp1763354197805907000","delta":"黑色","client_timestamp":1763354202899}
{"event_id":"event1763354202909908000","type":"response.text.delta","item_id":"item1763354197805910000","response_id":"resp1763354197805907000","delta":"高","client_timestamp":1763354202909}
{"event_id":"event1763354202926259000","type":"response.text.delta","item_id":"item1763354197805910000","response_id":"resp1763354197805907000","delta":"领","client_timestamp":1763354202926}
{"event_id":"event1763354202949364000","type":"response.text.delta","item_id":"item1763354197805910000","response_id":"resp1763354197805907000","delta":"衫","client_timestamp":1763354202949}
{"event_id":"event1763354202961901000","type":"response.text.delta","item_id":"item1763354197805910000","response_id":"resp1763354197805907000","delta":"，","client_timestamp":1763354202961}
{"event_id":"event1763354202973559000","type":"response.text.delta","item_id":"item1763354197805910000","response_id":"resp1763354197805907000","delta":"佩戴","client_timestamp":1763354202973}
{"event_id":"event1763354202990016000","type":"response.text.delta","item_id":"item1763354197805910000","response_id":"resp1763354197805907000","delta":"银","client_timestamp":1763354202990}
{"event_id":"event1763354203006235000","type":"response.text.delta","item_id":"item1763354197805910000","response_id":"resp1763354197805907000","delta":"色","client_timestamp":1763354203006}
{"event_id":"event1763354203023323000","type":"response.text.delta","item_id":"item1763354197805910000","response_id":"resp1763354197805907000","delta":"项链","client_timestamp":1763354203023}
{"event_id":"event1763354203037603000","type":"response.text.delta","item_id":"item1763354197805910000","response_id":"resp1763354197805907000","delta":"与","client_timestamp":1763354203037}
{"event_id":"event1763354203053366000","type":"response.text.delta","item_id":"item1763354197805910000","response_id":"resp1763354197805907000","delta":"耳","client_timestamp":1763354203053}
{"event_id":"event1763354203073766000","type":"response.text.delta","item_id":"item1763354197805910000","response_id":"resp1763354197805907000","delta":"饰","client_timestamp":1763354203073}
{"event_id":"event1763354203086565000","type":"response.text.delta","item_id":"item1763354197805910000","response_id":"resp1763354197805907000","delta":"，","client_timestamp":1763354203086}
{"event_id":"event1763354203104434000","type":"response.text.delta","item_id":"item1763354197805910000","response_id":"resp1763354197805907000","delta":"整体","client_timestamp":1763354203104}
{"event_id":"event1763354203134581000","type":"response.text.delta","item_id":"item1763354197805910000","response_id":"resp1763354197805907000","delta":"造型","client_timestamp":1763354203134}
{"event_id":"event1763354203145089000","type":"response.text.delta","item_id":"item1763354197805910000","response_id":"resp1763354197805907000","delta":"简约","client_timestamp":1763354203145}
{"event_id":"event1763354203154069000","type":"response.text.delta","item_id":"item1763354197805910000","response_id":"resp1763354197805907000","delta":"时尚","client_timestamp":1763354203154}
{"event_id":"event1763354203169673000","type":"response.text.delta","item_id":"item1763354197805910000","response_id":"resp1763354197805907000","delta":"。","client_timestamp":1763354203169}
{"event_id":"event1763354203185007000","type":"response.text.delta","item_id":"item1763354197805910000","response_id":"resp1763354197805907000","delta":"画面","client_timestamp":1763354203185}
{"event_id":"event1763354203203784000","type":"response.text.delta","item_id":"item1763354197805910000","response_id":"resp1763354197805907000","delta":"下","client_timestamp":1763354203203}
{"event_id":"event1763354203217471000","type":"response.text.delta","item_id":"item1763354197805910000","response_id":"resp1763354197805907000","delta":"方的","client_timestamp":1763354203217}
{"event_id":"event1763354203238865000","type":"response.text.delta","item_id":"item1763354197805910000","response_id":"resp1763354197805907000","delta":"字幕","client_timestamp":1763354203238}
{"event_id":"event1763354203250791000","type":"response.text.delta","item_id":"item1763354197805910000","response_id":"resp1763354197805907000","delta":"清晰","client_timestamp":1763354203250}
{"event_id":"event1763354203267416000","type":"response.text.delta","item_id":"item1763354197805910000","response_id":"resp1763354197805907000","delta":"标注","client_timestamp":1763354203267}
{"event_id":"event1763354203282746000","type":"response.text.delta","item_id":"item1763354197805910000","response_id":"resp1763354197805907000","delta":"“","client_timestamp":1763354203282}
{"event_id":"event1763354203299233000","type":"response.text.delta","item_id":"item1763354197805910000","response_id":"resp1763354197805907000","delta":"蔡","client_timestamp":1763354203299}
{"event_id":"event1763354203318080000","type":"response.text.delta","item_id":"item1763354197805910000","response_id":"resp1763354197805907000","delta":"徐","client_timestamp":1763354203318}
{"event_id":"event1763354203334016000","type":"response.text.delta","item_id":"item1763354197805910000","response_id":"resp1763354197805907000","delta":"坤","client_timestamp":1763354203334}
{"event_id":"event1763354203346683000","type":"response.text.delta","item_id":"item1763354197805910000","response_id":"resp1763354197805907000","delta":" 个人","client_timestamp":1763354203346}
{"event_id":"event1763354203366164000","type":"response.text.delta","item_id":"item1763354197805910000","response_id":"resp1763354197805907000","delta":"练习","client_timestamp":1763354203366}
{"event_id":"event1763354203379119000","type":"response.text.delta","item_id":"item1763354197805910000","response_id":"resp1763354197805907000","delta":"生","client_timestamp":1763354203379}
{"event_id":"event1763354203397230000","type":"response.text.delta","item_id":"item1763354197805910000","response_id":"resp1763354197805907000","delta":"”，","client_timestamp":1763354203397}
{"event_id":"event1763354203414932000","type":"response.text.delta","item_id":"item1763354197805910000","response_id":"resp1763354197805907000","delta":"背景","client_timestamp":1763354203414}
{"event_id":"event1763354203426828000","type":"response.text.delta","item_id":"item1763354197805910000","response_id":"resp1763354197805907000","delta":"为","client_timestamp":1763354203426}
{"event_id":"event1763354203441778000","type":"response.text.delta","item_id":"item1763354197805910000","response_id":"resp1763354197805907000","delta":"纯","client_timestamp":1763354203441}
{"event_id":"event1763354203465470000","type":"response.text.delta","item_id":"item1763354197805910000","response_id":"resp1763354197805907000","delta":"色","client_timestamp":1763354203465}
{"event_id":"event1763354203477011000","type":"response.text.delta","item_id":"item1763354197805910000","response_id":"resp1763354197805907000","delta":"浅","client_timestamp":1763354203477}
{"event_id":"event1763354203494612000","type":"response.text.delta","item_id":"item1763354197805910000","response_id":"resp1763354197805907000","delta":"灰","client_timestamp":1763354203494}
{"event_id":"event1763354203511355000","type":"response.text.delta","item_id":"item1763354197805910000","response_id":"resp1763354197805907000","delta":"，","client_timestamp":1763354203511}
{"event_id":"event1763354203524258000","type":"response.text.delta","item_id":"item1763354197805910000","response_id":"resp1763354197805907000","delta":"视觉","client_timestamp":1763354203524}
{"event_id":"event1763354203540117000","type":"response.text.delta","item_id":"item1763354197805910000","response_id":"resp1763354197805907000","delta":"焦点","client_timestamp":1763354203540}
{"event_id":"event1763354203557723000","type":"response.text.delta","item_id":"item1763354197805910000","response_id":"resp1763354197805907000","delta":"集中于","client_timestamp":1763354203557}
{"event_id":"event1763354203576752000","type":"response.text.delta","item_id":"item1763354197805910000","response_id":"resp1763354197805907000","delta":"人物","client_timestamp":1763354203576}
{"event_id":"event1763354203588672000","type":"response.text.delta","item_id":"item1763354197805910000","response_id":"resp1763354197805907000","delta":"；","client_timestamp":1763354203588}
{"event_id":"event1763354203604154000","type":"response.text.delta","item_id":"item1763354197805910000","response_id":"resp1763354197805907000","delta":"结合","client_timestamp":1763354203604}
{"event_id":"event1763354203625570000","type":"response.text.delta","item_id":"item1763354197805910000","response_id":"resp1763354197805907000","delta":"屏幕","client_timestamp":1763354203625}
{"event_id":"event1763354203637526000","type":"response.text.delta","item_id":"item1763354197805910000","response_id":"resp1763354197805907000","delta":"底部","client_timestamp":1763354203637}
{"event_id":"event1763354203658202000","type":"response.text.delta","item_id":"item1763354197805910000","response_id":"resp1763354197805907000","delta":"“","client_timestamp":1763354203658}
{"event_id":"event1763354203668296000","type":"response.text.delta","item_id":"item1763354197805910000","response_id":"resp1763354197805907000","delta":"共享","client_timestamp":1763354203668}
{"event_id":"event1763354203688594000","type":"response.text.delta","item_id":"item1763354197805910000","response_id":"resp1763354197805907000","delta":"屏幕","client_timestamp":1763354203688}
{"event_id":"event1763354203714536000","type":"response.text.delta","item_id":"item1763354197805910000","response_id":"resp1763354197805907000","delta":"”","client_timestamp":1763354203714}
{"event_id":"event1763354203722620000","type":"response.text.delta","item_id":"item1763354197805910000","response_id":"resp1763354197805907000","delta":"类的","client_timestamp":1763354203722}
{"event_id":"event1763354203736116000","type":"response.text.delta","item_id":"item1763354197805910000","response_id":"resp1763354197805907000","delta":"提示","client_timestamp":1763354203736}
{"event_id":"event1763354203750954000","type":"response.text.delta","item_id":"item1763354197805910000","response_id":"resp1763354197805907000","delta":"信息","client_timestamp":1763354203750}
{"event_id":"event1763354203767065000","type":"response.text.delta","item_id":"item1763354197805910000","response_id":"resp1763354197805907000","delta":"，","client_timestamp":1763354203767}
{"event_id":"event1763354203784967000","type":"response.text.delta","item_id":"item1763354197805910000","response_id":"resp1763354197805907000","delta":"推测","client_timestamp":1763354203784}
{"event_id":"event1763354203799388000","type":"response.text.delta","item_id":"item1763354197805910000","response_id":"resp1763354197805907000","delta":"这","client_timestamp":1763354203799}
{"event_id":"event1763354203817279000","type":"response.text.delta","item_id":"item1763354197805910000","response_id":"resp1763354197805907000","delta":"可能是","client_timestamp":1763354203817}
{"event_id":"event1763354203831896000","type":"response.text.delta","item_id":"item1763354197805910000","response_id":"resp1763354197805907000","delta":"直播","client_timestamp":1763354203831}
{"event_id":"event1763354203846318000","type":"response.text.delta","item_id":"item1763354197805910000","response_id":"resp1763354197805907000","delta":"、","client_timestamp":1763354203846}
{"event_id":"event1763354203867041000","type":"response.text.delta","item_id":"item1763354197805910000","response_id":"resp1763354197805907000","delta":"线上","client_timestamp":1763354203867}
{"event_id":"event1763354203882059000","type":"response.text.delta","item_id":"item1763354197805910000","response_id":"resp1763354197805907000","delta":"分享","client_timestamp":1763354203882}
{"event_id":"event1763354203895685000","type":"response.text.delta","item_id":"item1763354197805910000","response_id":"resp1763354197805907000","delta":"或","client_timestamp":1763354203895}
{"event_id":"event1763354203910510000","type":"response.text.delta","item_id":"item1763354197805910000","response_id":"resp1763354197805907000","delta":"节目","client_timestamp":1763354203910}
{"event_id":"event1763354203930327000","type":"response.text.delta","item_id":"item1763354197805910000","response_id":"resp1763354197805907000","delta":"展示","client_timestamp":1763354203930}
{"event_id":"event1763354203946100000","type":"response.text.delta","item_id":"item1763354197805910000","response_id":"resp1763354197805907000","delta":"环节","client_timestamp":1763354203946}
{"event_id":"event1763354203960123000","type":"response.text.delta","item_id":"item1763354197805910000","response_id":"resp1763354197805907000","delta":"中的","client_timestamp":1763354203960}
{"event_id":"event1763354203982751000","type":"response.text.delta","item_id":"item1763354197805910000","response_id":"resp1763354197805907000","delta":"画面","client_timestamp":1763354203982}
{"event_id":"event1763354203997557000","type":"response.text.delta","item_id":"item1763354197805910000","response_id":"resp1763354197805907000","delta":"，","client_timestamp":1763354203997}
{"event_id":"event1763354204010420000","type":"response.text.delta","item_id":"item1763354197805910000","response_id":"resp1763354197805907000","delta":"用于","client_timestamp":1763354204010}
{"event_id":"event1763354204028854000","type":"response.text.delta","item_id":"item1763354197805910000","response_id":"resp1763354197805907000","delta":"呈现","client_timestamp":1763354204028}
{"event_id":"event1763354204042131000","type":"response.text.delta","item_id":"item1763354197805910000","response_id":"resp1763354197805907000","delta":"艺","client_timestamp":1763354204042}
{"event_id":"event1763354204057100000","type":"response.text.delta","item_id":"item1763354197805910000","response_id":"resp1763354197805907000","delta":"人的","client_timestamp":1763354204057}
{"event_id":"event1763354204078787000","type":"response.text.delta","item_id":"item1763354197805910000","response_id":"resp1763354197805907000","delta":"形象","client_timestamp":1763354204078}
{"event_id":"event1763354204090648000","type":"response.text.delta","item_id":"item1763354197805910000","response_id":"resp1763354197805907000","delta":"或","client_timestamp":1763354204090}
{"event_id":"event1763354204108387000","type":"response.text.delta","item_id":"item1763354197805910000","response_id":"resp1763354197805907000","delta":"相关","client_timestamp":1763354204108}
{"event_id":"event1763354204123468000","type":"response.text.delta","item_id":"item1763354197805910000","response_id":"resp1763354197805907000","delta":"介绍","client_timestamp":1763354204123}
{"event_id":"event1763354204141357000","type":"response.text.delta","item_id":"item1763354197805910000","response_id":"resp1763354197805907000","delta":"。","client_timestamp":1763354204141}
{"event_id":"event1763354204164891000","type":"response.text.done","item_id":"item1763354197805910000","response_id":"resp1763354197805907000","delta":"","client_timestamp":1763354204164,"text":"\n这个视频片段展示了**蔡徐坤**以“个人练习生”身份出镜的画面。他身穿浅灰色格纹宽松外套，内搭黑色高领衫，佩戴银色项链与耳饰，整体造型简约时尚。画面下方的字幕清晰标注“蔡徐坤 个人练习生”，背景为纯色浅灰，视觉焦点集中于人物；结合屏幕底部“共享屏幕”类的提示信息，推测这可能是直播、线上分享或节目展示环节中的画面，用于呈现艺人的形象或相关介绍。"}
{"event_id":"event1763354204165023000","type":"response.done","response_id":"resp1763354197805907000","delta":"","client_timestamp":1763354204165}
